#
# There is insufficient memory for the Java Runtime Environment to continue.
# Native memory allocation (malloc) failed to allocate 1048576 bytes for AllocateHeap
# Possible reasons:
#   The system is out of physical RAM or swap space
#   The process is running with CompressedOops enabled, and the Java Heap may be blocking the growth of the native heap
# Possible solutions:
#   Reduce memory load on the system
#   Increase physical memory or swap space
#   Check if swap backing store is full
#   Decrease Java heap size (-Xmx/-Xms)
#   Decrease number of Java threads
#   Decrease Java thread stack sizes (-Xss)
#   Set larger code cache with -XX:ReservedCodeCacheSize=
#   JVM is running with Unscaled Compressed Oops mode in which the Java heap is
#     placed in the first 4GB address space. The Java Heap base address is the
#     maximum limit for the native heap growth. Please use -XX:HeapBaseMinAddress
#     to set the Java Heap base and to place the Java Heap above 4GB virtual address.
# This output file may be truncated or incomplete.
#
#  Out of Memory Error (memory/allocation.inline.hpp:61), pid=2080, tid=0x000000000000238c
#
# JRE version:  (8.0_211-b12) (build )
# Java VM: Java HotSpot(TM) 64-Bit Server VM (25.211-b12 mixed mode windows-amd64 compressed oops)
# Failed to write core dump. Minidumps are not enabled by default on client versions of Windows
#

---------------  T H R E A D  ---------------

Current thread (0x0000000002c83000):  JavaThread "Unknown thread" [_thread_in_vm, id=9100, stack(0x00000000029e0000,0x0000000002ae0000)]

Stack: [0x00000000029e0000,0x0000000002ae0000]
[error occurred during error reporting (printing stack bounds), id 0xc0000005]

Native frames: (J=compiled Java code, j=interpreted, Vv=VM code, C=native code)


---------------  P R O C E S S  ---------------

Java Threads: ( => current thread )

Other Threads:

=>0x0000000002c83000 (exited) JavaThread "Unknown thread" [_thread_in_vm, id=9100, stack(0x00000000029e0000,0x0000000002ae0000)]

VM state:not at safepoint (normal execution)

VM Mutex/Monitor currently owned by a thread: None

heap address: 0x0000000081c00000, size: 2020 MB, Compressed Oops mode: 32-bit
Narrow klass base: 0x0000000000000000, Narrow klass shift: 3
Compressed class space size: 1073741824 Address: 0x0000000100000000

Heap:
 PSYoungGen      total 38400K, used 665K [0x00000000d5f00000, 0x00000000d8980000, 0x0000000100000000)
  eden space 33280K, 2% used [0x00000000d5f00000,0x00000000d5fa6670,0x00000000d7f80000)
  from space 5120K, 0% used [0x00000000d8480000,0x00000000d8480000,0x00000000d8980000)
  to   space 5120K, 0% used [0x00000000d7f80000,0x00000000d7f80000,0x00000000d8480000)
 ParOldGen       total 87552K, used 0K [0x0000000081c00000, 0x0000000087180000, 0x00000000d5f00000)
  object space 87552K, 0% used [0x0000000081c00000,0x0000000081c00000,0x0000000087180000)
 Metaspace       used 775K, capacity 4480K, committed 4480K, reserved 1056768K
  class space    used 76K, capacity 384K, committed 384K, reserved 1048576K

Card table byte_map: [0x0000000012140000,0x0000000012540000] byte_map_base: 0x0000000011d32000

Marking Bits: (ParMarkBitMap*) 0x0000000070cf5ce0
 Begin Bits: [0x0000000012bf0000, 0x0000000014b80000)
 End Bits:   [0x0000000014b80000, 0x0000000016b10000)

Polling page: 0x0000000002920000

CodeCache: size=245760Kb used=328Kb max_used=328Kb free=245431Kb
 bounds [0x0000000002d80000, 0x0000000002ff0000, 0x0000000011d80000]
 total_blobs=58 nmethods=0 adapters=38
 compilation: enabled

Compilation events (0 events):
No events

GC Heap History (0 events):
No events

Deoptimization events (0 events):
No events

Classes redefined (0 events):
No events

Internal exceptions (0 events):
No events

Events (10 events):
Event: 0.053 loading class java/lang/Short
Event: 0.053 loading class java/lang/Short done
Event: 0.053 loading class java/lang/Integer
Event: 0.053 loading class java/lang/Integer done
Event: 0.053 loading class java/lang/Long
Event: 0.053 loading class java/lang/Long done
Event: 0.054 loading class java/lang/NullPointerException
Event: 0.055 loading class java/lang/NullPointerException done
Event: 0.055 loading class java/lang/ArithmeticException
Event: 0.055 loading class java/lang/ArithmeticException done


Dynamic libraries:
0x00007ff76b130000 - 0x00007ff76b167000 	C:\Program Files\Java\jdk1.8.0_211\bin\java.exe
0x00007ffc48420000 - 0x00007ffc48601000 	C:\Windows\SYSTEM32\ntdll.dll
0x00007ffc3ba30000 - 0x00007ffc3ba42000 	C:\Program Files\AVAST Software\Avast\aswhook.dll
0x00007ffc480e0000 - 0x00007ffc48191000 	C:\Windows\System32\KERNEL32.DLL
0x00007ffc44ca0000 - 0x00007ffc44f13000 	C:\Windows\System32\KERNELBASE.dll
0x00007ffc45bb0000 - 0x00007ffc45c51000 	C:\Windows\System32\ADVAPI32.dll
0x00007ffc47fe0000 - 0x00007ffc4807e000 	C:\Windows\System32\msvcrt.dll
0x00007ffc46040000 - 0x00007ffc4609b000 	C:\Windows\System32\sechost.dll
0x00007ffc45c60000 - 0x00007ffc45d84000 	C:\Windows\System32\RPCRT4.dll
0x00007ffc45a20000 - 0x00007ffc45bb0000 	C:\Windows\System32\USER32.dll
0x00007ffc45890000 - 0x00007ffc458b0000 	C:\Windows\System32\win32u.dll
0x00007ffc459f0000 - 0x00007ffc45a18000 	C:\Windows\System32\GDI32.dll
0x00007ffc44b00000 - 0x00007ffc44c91000 	C:\Windows\System32\gdi32full.dll
0x00007ffc44a60000 - 0x00007ffc44aff000 	C:\Windows\System32\msvcp_win.dll
0x00007ffc44f20000 - 0x00007ffc45018000 	C:\Windows\System32\ucrtbase.dll
0x00007ffc31210000 - 0x00007ffc31479000 	C:\Windows\WinSxS\amd64_microsoft.windows.common-controls_6595b64144ccf1df_6.0.17134.885_none_fb42a3473065565f\COMCTL32.dll
0x00007ffc47b40000 - 0x00007ffc47e62000 	C:\Windows\System32\combase.dll
0x00007ffc449e0000 - 0x00007ffc44a59000 	C:\Windows\System32\bcryptPrimitives.dll
0x00007ffc45d90000 - 0x00007ffc45dbd000 	C:\Windows\System32\IMM32.DLL
0x0000000070d80000 - 0x0000000070e52000 	C:\Program Files\Java\jdk1.8.0_211\jre\bin\msvcr100.dll
0x00000000704d0000 - 0x0000000070d75000 	C:\Program Files\Java\jdk1.8.0_211\jre\bin\server\jvm.dll
0x00007ffc47e70000 - 0x00007ffc47e78000 	C:\Windows\System32\PSAPI.DLL
0x00007ffc3dad0000 - 0x00007ffc3dad9000 	C:\Windows\SYSTEM32\WSOCK32.dll
0x00007ffc45980000 - 0x00007ffc459ec000 	C:\Windows\System32\WS2_32.dll
0x00007ffc3c2c0000 - 0x00007ffc3c2e3000 	C:\Windows\SYSTEM32\WINMM.dll
0x00007ffc3d0a0000 - 0x00007ffc3d0aa000 	C:\Windows\SYSTEM32\VERSION.dll
0x00007ffc3c290000 - 0x00007ffc3c2ba000 	C:\Windows\SYSTEM32\WINMMBASE.dll
0x00007ffc450d0000 - 0x00007ffc45119000 	C:\Windows\System32\cfgmgr32.dll
0x00007ffc41da0000 - 0x00007ffc41daf000 	C:\Program Files\Java\jdk1.8.0_211\jre\bin\verify.dll
0x00007ffc39970000 - 0x00007ffc39999000 	C:\Program Files\Java\jdk1.8.0_211\jre\bin\java.dll
0x00007ffc36ba0000 - 0x00007ffc36bc3000 	C:\Program Files\Java\jdk1.8.0_211\jre\bin\instrument.dll
0x00007ffc41be0000 - 0x00007ffc41bf6000 	C:\Program Files\Java\jdk1.8.0_211\jre\bin\zip.dll

VM Arguments:
jvm_args: -javaagent:D:\Soft\IntelliJ IDEA Community Edition 2019.1.3\lib\idea_rt.jar=50739:D:\Soft\IntelliJ IDEA Community Edition 2019.1.3\bin -Dfile.encoding=UTF-8 
java_command: sample.Main
java_class_path (initial): C:\Program Files\Java\jdk1.8.0_211\jre\lib\charsets.jar;C:\Program Files\Java\jdk1.8.0_211\jre\lib\deploy.jar;C:\Program Files\Java\jdk1.8.0_211\jre\lib\ext\access-bridge-64.jar;C:\Program Files\Java\jdk1.8.0_211\jre\lib\ext\cldrdata.jar;C:\Program Files\Java\jdk1.8.0_211\jre\lib\ext\dnsns.jar;C:\Program Files\Java\jdk1.8.0_211\jre\lib\ext\jaccess.jar;C:\Program Files\Java\jdk1.8.0_211\jre\lib\ext\jfxrt.jar;C:\Program Files\Java\jdk1.8.0_211\jre\lib\ext\localedata.jar;C:\Program Files\Java\jdk1.8.0_211\jre\lib\ext\nashorn.jar;C:\Program Files\Java\jdk1.8.0_211\jre\lib\ext\sunec.jar;C:\Program Files\Java\jdk1.8.0_211\jre\lib\ext\sunjce_provider.jar;C:\Program Files\Java\jdk1.8.0_211\jre\lib\ext\sunmscapi.jar;C:\Program Files\Java\jdk1.8.0_211\jre\lib\ext\sunpkcs11.jar;C:\Program Files\Java\jdk1.8.0_211\jre\lib\ext\zipfs.jar;C:\Program Files\Java\jdk1.8.0_211\jre\lib\javaws.jar;C:\Program Files\Java\jdk1.8.0_211\jre\lib\jce.jar;C:\Program Files\Java\jdk1.8.0_211\jre\lib\jfr.jar;C:\Program Files\Java\jdk1.8.0_211\jre\lib\jfxswt.jar;C:\Program Files\Java\jdk1.8.0_211\jre\lib\jsse.jar;C:\Program Files\Java\jdk1.8.0_211\jre\lib\management-agent.jar;C:\Program Files\Java\jdk1.8.0_211\jre\lib\plugin.jar;C:\Program Files\Java\jdk1.8.0_211\jre\lib\resources.jar;C:\Program Files\Java\jdk1.8.0_211\jre\lib\rt.jar;C:\Users\User\IdeaProjects\JavaFX\out\production\JavaFX;D:\MySql\Connector J 8.0\mysql-connector-java-8.0.16.jar;D:\Soft\IntelliJ IDEA Community Edition 2019.1.3\lib\idea_rt.jar
Launcher Type: SUN_STANDARD

Environment Variables:
CLASSPATH=C:\Program Files\Java\jdk-12.0.1\bin
PATH=C:\Program Files (x86)\Common Files\Oracle\Java\javapath;C:\ProgramData\Oracle\Java\javapath;C:\Windows\system32;C:\Windows;C:\Windows\System32\Wbem;C:\Windows\System32\WindowsPowerShell\v1.0\;C:\Windows\System32\OpenSSH\;C:\Program Files (x86)\Intel\OpenCL SDK\2.0\bin\x86;C:\Program Files (x86)\Intel\OpenCL SDK\2.0\bin\x64;C:\Program Files (x86)\NTRU Cryptosystems\NTRU TCG Software Stack\bin\;C:\Program Files\NTRU Cryptosystems\NTRU TCG Software Stack\bin\;C:\Program Files (x86)\Intel\OpenCL SDK\2.0\bin\x86;C:\Program Files (x86)\Intel\OpenCL SDK\2.0\bin\x64;C:\Program Files (x86)\Microsoft SQL Server\110\Tools\Binn\;C:\Program Files\Microsoft SQL Server\110\Tools\Binn\;C:\Program Files\Microsoft SQL Server\110\DTS\Binn\;C:\Program Files (x86)\Intel\OpenCL SDK\2.0\bin\x86;C:\Program Files (x86)\Intel\OpenCL SDK\2.0\bin\x64;C:\Program Files (x86)\Intel\OpenCL SDK\2.0\bin\x86;C:\Program Files (x86)\Intel\OpenCL SDK\2.0\bin\x64;C:\Program Files\Java\jdk-12.0.1\bin;C:\Users\User\AppData\Local\Microsoft\WindowsApps;;D:\Soft\Fiddler;D:\Soft\IntelliJ IDEA Community Edition 2019.1.3\bin;
USERNAME=User
OS=Windows_NT
PROCESSOR_IDENTIFIER=Intel64 Family 6 Model 42 Stepping 7, GenuineIntel



---------------  S Y S T E M  ---------------

OS: Windows 10.0 , 64 bit Build 17134 (10.0.17134.753)

CPU:total 4 (initial active 4) (2 cores per cpu, 2 threads per core) family 6 model 42 stepping 7, cmov, cx8, fxsr, mmx, sse, sse2, sse3, ssse3, sse4.1, sse4.2, popcnt, avx, aes, clmul, ht, tsc, tscinvbit

Memory: 4k page, physical 8266644k(1693396k free), swap 8266644k(5316k free)

vm_info: Java HotSpot(TM) 64-Bit Server VM (25.211-b12) for windows-amd64 JRE (1.8.0_211-b12), built on Apr  1 2019 20:53:26 by "java_re" with MS VC++ 10.0 (VS2010)

time: Mon Jul 22 12:17:21 2019
timezone: RTZ 2 (зима)
elapsed time: 0 seconds (0d 0h 0m 0s)

